1589381493422	mozrunner::runner	INFO	Running command: "C:\\Program Files\\Firefox Developer Edition\\firefox.exe" "-marionette" "-foreground" "-no-remote" "-profile" "C:\\Users\\HOME\\AppData\\Local\\Temp\\rust_mozprofile.vaIhtgOt24Ad"
1589381495607	addons.webextension.doh-rollout@mozilla.org	WARN	Loading extension 'doh-rollout@mozilla.org': Reading manifest: Invalid extension permission: networkStatus
1589381495752	addons.webextension.screenshots@mozilla.org	WARN	Loading extension 'screenshots@mozilla.org': Reading manifest: Invalid extension permission: mozillaAddons
1589381495753	addons.webextension.screenshots@mozilla.org	WARN	Loading extension 'screenshots@mozilla.org': Reading manifest: Invalid extension permission: telemetry
1589381495754	addons.webextension.screenshots@mozilla.org	WARN	Loading extension 'screenshots@mozilla.org': Reading manifest: Invalid extension permission: resource://pdf.js/
1589381495755	addons.webextension.screenshots@mozilla.org	WARN	Loading extension 'screenshots@mozilla.org': Reading manifest: Invalid extension permission: about:reader*
JavaScript error: resource://gre/modules/XULStore.jsm, line 66: Error: Can't find profile directory.
1589381504107	Marionette	INFO	Listening on port 54293
1589381506505	Marionette	WARN	TLS certificate errors will be ignored for this session
JavaScript error: https://www.phptravels.net/register, line 25: TypeError: document.getElementById(...) is null
JavaScript warning: https://www.phptravels.net/themes/default/assets/js/plugins.js, line 3317: unreachable code after return statement
JavaScript error: https://www.phptravels.net/themes/default/assets/js/plugins/infobox.js line 8 > eval, line 1: ReferenceError: google is not defined
JavaScript error: https://www.phptravels.net/register, line 708: SyntaxError: expected expression, got ','
JavaScript error: https://www.phptravels.net/themes/default/assets/js/custom-detail-map.js, line 8: ReferenceError: google is not defined
console.warn: LoginRecipes: "getRecipes: falling back to a synchronous message for:" "https://www.phptravels.net"
JavaScript error: resource://gre/modules/psm/RemoteSecuritySettings.jsm, line 817: NS_ERROR_ILLEGAL_VALUE: Component returned failure code: 0x80070057 (NS_ERROR_ILLEGAL_VALUE) [nsIXPCComponents_Utils.reportError]
IPDL protocol error: Handler returned error code!

###!!! [Parent][DispatchAsyncMessage] Error: PLayerTransaction::Msg_ReleaseLayer Processing error: message was deserialized, but the handler returned false (indicating failure)

1589381984825	Marionette	INFO	Stopped listening on port 54293

###!!! [Child][MessageChannel::SendAndWait] Error: Channel error: cannot send/recv

