1589463580033	mozrunner::runner	INFO	Running command: "C:\\Program Files\\Firefox Developer Edition\\firefox.exe" "-marionette" "-foreground" "-no-remote" "-profile" "C:\\Users\\HOME\\AppData\\Local\\Temp\\rust_mozprofile.kVtqdE0naHbi"
1589463587413	addons.webextension.doh-rollout@mozilla.org	WARN	Loading extension 'doh-rollout@mozilla.org': Reading manifest: Invalid extension permission: networkStatus
1589463587790	addons.webextension.screenshots@mozilla.org	WARN	Loading extension 'screenshots@mozilla.org': Reading manifest: Invalid extension permission: mozillaAddons
1589463587791	addons.webextension.screenshots@mozilla.org	WARN	Loading extension 'screenshots@mozilla.org': Reading manifest: Invalid extension permission: telemetry
1589463587792	addons.webextension.screenshots@mozilla.org	WARN	Loading extension 'screenshots@mozilla.org': Reading manifest: Invalid extension permission: resource://pdf.js/
1589463587793	addons.webextension.screenshots@mozilla.org	WARN	Loading extension 'screenshots@mozilla.org': Reading manifest: Invalid extension permission: about:reader*
JavaScript error: resource://gre/modules/XULStore.jsm, line 66: Error: Can't find profile directory.
1589463606381	Marionette	INFO	Listening on port 57013
1589463606469	Marionette	WARN	TLS certificate errors will be ignored for this session
JavaScript error: https://www.phptravels.net/register, line 25: TypeError: document.getElementById(...) is null
JavaScript warning: https://www.phptravels.net/themes/default/assets/js/plugins.js, line 3317: unreachable code after return statement
JavaScript error: https://www.phptravels.net/themes/default/assets/js/plugins/infobox.js line 8 > eval, line 1: ReferenceError: google is not defined
JavaScript error: https://www.phptravels.net/register, line 708: SyntaxError: expected expression, got ','
JavaScript error: https://www.phptravels.net/themes/default/assets/js/custom-detail-map.js, line 8: ReferenceError: google is not defined
console.error: "Error while calling actor 'pagestyle's method 'getLayout'" "node is null"
console.error: "getLayout@resource://devtools/server/actors/styles.js:944:5\nhandler@resource://devtools/shared/protocol/Actor.js:154:37\nonPacket@resource://devtools/server/devtools-server-connection.js:380:58\nreceiveMessage@resource://devtools/shared/transport/child-transport.js:66:16\nMessageListener.receiveMessage*_addListener@resource://devtools/shared/transport/child-transport.js:40:14\nready@resource://devtools/shared/transport/child-transport.js:57:10\n_onConnection@resource://devtools/server/devtools-server.js:471:15\nconnectToParent@resource://devtools/server/devtools-server.js:345:17\nonConnect<@resource://devtools/server/startup/frame.js:62:35\nexports.makeInfallible/<@resource://devtools/shared/ThreadSafeDevToolsUtils.js:111:22\nMessageListener.receiveMessage*@resource://devtools/server/startup/frame.js:95:23\n@resource://devtools/server/startup/frame.js:177:5\n"
console.error: (new Error("Protocol error (unknownError): node is null from: server0.conn0.child2/pagestyle25", "resource://devtools/shared/protocol/Front.js", 319))
JavaScript error: https://www.phptravels.net/login, line 25: TypeError: document.getElementById(...) is null
JavaScript warning: https://www.phptravels.net/themes/default/assets/js/plugins.js, line 3317: unreachable code after return statement
JavaScript error: https://www.phptravels.net/themes/default/assets/js/plugins/infobox.js line 8 > eval, line 1: ReferenceError: google is not defined
JavaScript error: https://www.phptravels.net/login, line 719: SyntaxError: expected expression, got ','
JavaScript error: https://www.phptravels.net/themes/default/assets/js/custom-detail-map.js, line 8: ReferenceError: google is not defined
JavaScript error: resource://gre/modules/psm/RemoteSecuritySettings.jsm, line 817: NS_ERROR_ILLEGAL_VALUE: Component returned failure code: 0x80070057 (NS_ERROR_ILLEGAL_VALUE) [nsIXPCComponents_Utils.reportError]
JavaScript error: https://www.phptravels.net/home, line 25: TypeError: document.getElementById(...) is null
JavaScript warning: https://www.phptravels.net/themes/default/assets/js/plugins.js, line 3317: unreachable code after return statement
JavaScript error: https://www.phptravels.net/home, line 2498: SyntaxError: expected expression, got ','
JavaScript error: https://www.phptravels.net/register, line 25: TypeError: document.getElementById(...) is null
JavaScript warning: https://www.phptravels.net/themes/default/assets/js/plugins.js, line 3317: unreachable code after return statement
JavaScript error: https://www.phptravels.net/themes/default/assets/js/plugins/infobox.js line 8 > eval, line 1: ReferenceError: google is not defined
JavaScript error: https://www.phptravels.net/register, line 708: SyntaxError: expected expression, got ','
JavaScript error: https://www.phptravels.net/themes/default/assets/js/custom-detail-map.js, line 8: ReferenceError: google is not defined
console.error: "Error while calling actor 'layout's method 'getGrids'" "node is null"
console.error: "getGrids@resource://devtools/server/actors/layout.js:502:26\ngetGrids@resource://devtools/server/actors/layout.js:507:43\nhandler@resource://devtools/shared/protocol/Actor.js:154:37\nonPacket@resource://devtools/server/devtools-server-connection.js:380:58\nreceiveMessage@resource://devtools/shared/transport/child-transport.js:66:16\nMessageListener.receiveMessage*_addListener@resource://devtools/shared/transport/child-transport.js:40:14\nready@resource://devtools/shared/transport/child-transport.js:57:10\n_onConnection@resource://devtools/server/devtools-server.js:471:15\nconnectToParent@resource://devtools/server/devtools-server.js:345:17\nonConnect<@resource://devtools/server/startup/frame.js:62:35\nexports.makeInfallible/<@resource://devtools/shared/ThreadSafeDevToolsUtils.js:111:22\nMessageListener.receiveMessage*@resource://devtools/server/startup/frame.js:95:23\n@resource://devtools/server/startup/frame.js:177:5\n"
JavaScript error: https://www.phptravels.net/account/, line 25: TypeError: document.getElementById(...) is null
JavaScript error: https://www.phptravels.net/themes/default/assets/js/plugins/infobox.js line 8 > eval, line 1: ReferenceError: google is not defined
JavaScript error: https://www.phptravels.net/account/, line 1589: SyntaxError: expected expression, got ','
JavaScript error: https://www.phptravels.net/themes/default/assets/js/custom-detail-map.js, line 8: ReferenceError: google is not defined
console.error: "Error while calling actor 'pagestyle's method 'getApplied'" "node is null"
console.error: "getApplied@resource://devtools/server/actors/styles.js:587:5\nhandler@resource://devtools/shared/protocol/Actor.js:154:37\nonPacket@resource://devtools/server/devtools-server-connection.js:380:58\nreceiveMessage@resource://devtools/shared/transport/child-transport.js:66:16\nMessageListener.receiveMessage*_addListener@resource://devtools/shared/transport/child-transport.js:40:14\nready@resource://devtools/shared/transport/child-transport.js:57:10\n_onConnection@resource://devtools/server/devtools-server.js:471:15\nconnectToParent@resource://devtools/server/devtools-server.js:345:17\nonConnect<@resource://devtools/server/startup/frame.js:62:35\nexports.makeInfallible/<@resource://devtools/shared/ThreadSafeDevToolsUtils.js:111:22\nMessageListener.receiveMessage*@resource://devtools/server/startup/frame.js:95:23\n@resource://devtools/server/startup/frame.js:177:5\n"
console.error: "navigated; resolution of _defaultNode aborted"
JavaScript error: https://www.phptravels.net/login, line 25: TypeError: document.getElementById(...) is null
JavaScript error: https://www.phptravels.net/themes/default/assets/js/plugins/infobox.js line 8 > eval, line 1: ReferenceError: google is not defined
JavaScript error: https://www.phptravels.net/login, line 719: SyntaxError: expected expression, got ','
JavaScript error: https://www.phptravels.net/themes/default/assets/js/custom-detail-map.js, line 8: ReferenceError: google is not defined
JavaScript error: https://www.phptravels.net/register, line 25: TypeError: document.getElementById(...) is null
JavaScript error: https://www.phptravels.net/themes/default/assets/js/plugins/infobox.js line 8 > eval, line 1: ReferenceError: google is not defined
JavaScript error: https://www.phptravels.net/register, line 708: SyntaxError: expected expression, got ','
JavaScript error: https://www.phptravels.net/themes/default/assets/js/custom-detail-map.js, line 8: ReferenceError: google is not defined
console.error: "Error while calling actor 'layout's method 'getGrids'" "node is null"
console.error: "getGrids@resource://devtools/server/actors/layout.js:502:26\ngetGrids@resource://devtools/server/actors/layout.js:507:43\nhandler@resource://devtools/shared/protocol/Actor.js:154:37\nonPacket@resource://devtools/server/devtools-server-connection.js:380:58\nreceiveMessage@resource://devtools/shared/transport/child-transport.js:66:16\nMessageListener.receiveMessage*_addListener@resource://devtools/shared/transport/child-transport.js:40:14\nready@resource://devtools/shared/transport/child-transport.js:57:10\n_onConnection@resource://devtools/server/devtools-server.js:471:15\nconnectToParent@resource://devtools/server/devtools-server.js:345:17\nonConnect<@resource://devtools/server/startup/frame.js:62:35\nexports.makeInfallible/<@resource://devtools/shared/ThreadSafeDevToolsUtils.js:111:22\nMessageListener.receiveMessage*@resource://devtools/server/startup/frame.js:95:23\n@resource://devtools/server/startup/frame.js:177:5\n"
